set ucliGUI::state
set ucliGUI::state
ucliCore::getToolPID
synopsys::env hasTB
trigger_hier_stack_context_switch 0
synUtils::setDVEInitPhase 1
synopsys::dump -type VPD -file /afs/andrew.cmu.edu/usr1/zhiyingm/private/18240/projects/fpga-dsp/inter.vpd -locking
synopsys::dump -autoflush on -fid VPD0
set ::dve_fid VPD0
synUtils::setDVEInitPhase 0
ucliCore::getToolPID
synUtils::sendTool -active _icl_setToolSocket /tmp/smlnppZOlGU
synUtils::sendTool -active {_icl_start_rpc -version "T-2022.06_Full64" -sync_file /tmp/vcs_dve_rpc.zhiyingm.10168}
synUtils::sendTool -active {_icl_createSharedMemory /tmp/vcs_dve_general.zhiyingm.10168}
config endofsim noexit
config onfail enable all
config syscaddplainmembers
config syscaddsourcenames
config syscaddstructtypes
synopsys::listing -disable
synopsys::dump -add {fir_test.dut.clock fir_test.dut.i fir_test.dut.j fir_test.dut.n fir_test.dut.reset fir_test.dut.taps fir_test.dut.w fir_test.dut.x fir_test.dut.xin fir_test.dut.y fir_test.dut.y_comb } -aggregates  -fid VPD0
synopsys::run
set ucliGUI::state
set ucliGUI::state
set ucliGUI::state
set ucliGUI::state
tcl_source /afs/ece.cmu.edu/support/synopsys/synopsys.release/T-Foundation/vcs/T-2022.06/gui/dve/auxx/gui/dve/schematic.tcl
tcl_source /afs/ece.cmu.edu/support/synopsys/synopsys.release/T-Foundation/vcs/T-2022.06/gui/dve/auxx/gui/common/schematic/base.tcl
tcl_source /afs/ece.cmu.edu/support/synopsys/synopsys.release/T-Foundation/vcs/T-2022.06/gui/dve/auxx/gui/common/schematic/enable.tcl
tcl_source /afs/ece.cmu.edu/support/synopsys/synopsys.release/T-Foundation/vcs/T-2022.06/gui/dve/auxx/gui/common/schematic/netlist.tcl
tcl_source /afs/ece.cmu.edu/support/synopsys/synopsys.release/T-Foundation/vcs/T-2022.06/gui/dve/auxx/gui/common/schematic/method.tcl
tcl_source /afs/ece.cmu.edu/support/synopsys/synopsys.release/T-Foundation/vcs/T-2022.06/gui/dve/auxx/gui/common/strokes/stroke_defaults.tcl
tcl_source /afs/ece.cmu.edu/support/synopsys/synopsys.release/T-Foundation/vcs/T-2022.06/gui/dve/auxx/gui/common/dialogs/ObjectListInfo.tcl
tcl_source /afs/ece.cmu.edu/support/synopsys/synopsys.release/T-Foundation/vcs/T-2022.06/gui/dve/auxx/gui/common/schematic/DialogPathSchematicFanInOut.tcl
tcl_source /afs/ece.cmu.edu/support/synopsys/synopsys.release/T-Foundation/vcs/T-2022.06/gui/dve/auxx/gui/dve/driversloads.tcl
if [catch {gui_sim_terminate}] {gui_sim_terminate -kill}
synopsys::finish
set ucliGUI::state
set ucliGUI::state
ucli_exit
