11:24:16    16 -->                                                             [tcl] ucliGUI::connect -toolargs -ucligui -toolexe ./simv -pid 32493 -toolin /tmp/vcs_20230628152412_32491_zhiyingm..stdin -toolout /tmp/vcs_20230628152412_32491_zhiyingm..stdout  
11:24:16    17 -->                                                                 [tcl] set ucliGUI::state
11:24:16    18 -->                                                                     [tcl] set ucliGUI::state
11:24:16    19 -->                                                                         [tcl] ucliCore::getToolPID
11:24:16    20 -->                                                                             [tcl] synopsys::env hasTB
11:24:16    21 -->                                                                                 [tcl] trigger_hier_stack_context_switch 0
11:24:16    22 -->                                                                                     [tcl] synUtils::setDVEInitPhase 1
11:24:16    23 -->                                                                                         [tcl] gui_get_env SIMSETUP::SIMVPD
11:24:16    24 -->                                                                                             [tcl] synopsys::dump -type VPD -file /afs/andrew.cmu.edu/usr1/zhiyingm/private/18240/projects/fpga-dsp/inter.vpd -locking
11:24:16    25 --> ...  [tcl] synopsys::dump -autoflush on -fid VPD0
11:24:16    26 --> ...      [tcl] set ::dve_fid VPD0
11:24:16    27 --> ...          [tcl] synUtils::setDVEInitPhase 0
11:24:16    28 --> ...              [tcl] ucliCore::getToolPID
11:24:16    29 --> ...                  [tcl] synUtils::sendTool -active _icl_setToolSocket /tmp/smlnp7xJxe7
11:24:16    30 --> ...                      [tcl] synUtils::sendTool -active {_icl_start_rpc -version "T-2022.06_Full64" -sync_file /tmp/vcs_dve_rpc.zhiyingm.32493}
11:24:17    31 --> ...                          [tcl] synUtils::sendTool -active {_icl_createSharedMemory /tmp/vcs_dve_general.zhiyingm.32493}
11:24:17    32 --> ...                              [tcl] dveMisc::vbusExpand fir_test
11:24:17    33 --> ...                                  [tcl] config endofsim noexit
11:24:17    34 --> ...                                      [tcl] config onfail enable all
11:24:17    35 --> ...                                          [tcl] config syscaddplainmembers
11:24:18    36 --> ...                                              [tcl] config syscaddsourcenames
11:24:18    37 --> ...                                                  [tcl] config syscaddstructtypes
11:24:18    38 --> ...                                                      [tcl] synopsys::listing -disable
11:24:24    39 --> ...                                                          [tcl] ucliGUI::vpdAddHierarchy -scope fir_test -depth 1 -file /afs/andrew.cmu.edu/usr1/zhiyingm/private/18240/projects/fpga-dsp/inter.vpd; synopsys::dump -flush VPD0
11:24:24    40 --> ...                                                              [tcl] synopsys::dump -add {fir_test.clock fir_test.data_in fir_test.data_out fir_test.done fir_test.error_num fir_test.mat_input fir_test.mat_output fir_test.reset fir_test.sample_num fir_test.status_input fir_test.status_output fir_test.taps fir_test.xin fir_test.y } -aggregates  -fid VPD0
11:24:25    41 --> ...                                                                  [tcl] synopsys::run
11:24:25    42 --> ...                                                                      [tcl] set ucliGUI::state
11:24:25    43 --> ...                                                                          [tcl] gui_update_simulator_buttons
11:24:25    44 --> ...                                                                              [tcl] set ucliGUI::state
11:24:25    45 --> ...                                                                                  [tcl] set ucliGUI::state
11:24:25    46 --> ...                                                                                      [tcl] set ucliGUI::state
11:24:25    47 --> ...                                                                                          [tcl] catch {senv activeDomain} dveMisc::result 
11:24:25    48 --> ...                                                                                              [tcl] set dveMisc::result
11:24:25    49 --> ...                                                                                                  [tcl] gui_update_simulator_buttons
11:26:46    50 --> ...  [tcl] ucliGUI::getSignalValues -scope fir_test -radix {hexadecimal } -list {{data_in[15:0]} }
11:32:11    51 --> ...      [tcl] if [catch {gui_sim_terminate}] {gui_sim_terminate -kill}
11:32:11    52 --> ...          [tcl] synopsys::finish
11:32:11    53 --> ...              [tcl] set ucliGUI::state
11:32:11    54 --> ...                  [tcl] gui_update_simulator_buttons
11:32:12    55 --> ...                      [tcl] set ucliGUI::state
11:32:12    56 --> ...                          [tcl] catch {senv activeDomain} dveMisc::result 
11:32:12    57 --> ...                              [tcl] set dveMisc::result
11:32:12    58 --> ...                                  [tcl] gui_update_simulator_buttons
11:32:12    59 --> ...                                      [tcl] catch {senv activeDomain} dveMisc::result 
11:32:12    60 --> ...                                          [tcl] set dveMisc::result
11:32:12    61 --> ...                                              [tcl] ucli_exit
