# Preference setting overrides
gui_create_pref_key -category {Globals} -key {load_detail_for_funcov} -value_type {bool} -value {false}

# State setting overrides
gui_state_default_create -off -ini
gui_set_state_value -category Layout -key child_console_size_x -value 1495
gui_set_state_value -category Layout -key child_console_size_y -value 333
gui_set_state_value -category Layout -key child_data_coltype -value 102
gui_set_state_value -category Layout -key child_data_colvalue -value 159
gui_set_state_value -category Layout -key child_data_colvariable -value 199
gui_set_state_value -category Layout -key child_data_size_x -value 435
gui_set_state_value -category Layout -key child_data_size_y -value 378
gui_set_state_value -category Layout -key child_driver_docknewline -value true
gui_set_state_value -category Layout -key child_driver_size_x -value 1511
gui_set_state_value -category Layout -key child_driver_size_y -value 369
gui_set_state_value -category Layout -key child_hier_col3 -value {-1}
gui_set_state_value -category Layout -key child_hier_colpd -value 0
gui_set_state_value -category Layout -key child_hier_size_x -value 138
gui_set_state_value -category Layout -key child_hier_size_y -value 378
gui_set_state_value -category Layout -key child_hier_sort_order -value 1
gui_set_state_value -category Layout -key child_source_docknewline -value false
gui_set_state_value -category Layout -key child_source_pos_x -value {-2}
gui_set_state_value -category Layout -key child_source_pos_y -value {-17}
gui_set_state_value -category Layout -key child_source_size_x -value 925
gui_set_state_value -category Layout -key child_source_size_y -value 374
gui_set_state_value -category Layout -key child_wave_colname -value 205
gui_set_state_value -category Layout -key child_wave_colvalue -value 205
gui_set_state_value -category Layout -key child_wave_left -value 414
gui_set_state_value -category Layout -key child_wave_right -value 1009
gui_set_state_value -category Layout -key main_pos_x -value {-1}
gui_set_state_value -category Layout -key main_pos_y -value 22
gui_set_state_value -category Layout -key main_size_x -value 1494
gui_set_state_value -category Layout -key main_size_y -value 847
gui_set_state_value -category Layout -key stand_wave_child_docknewline -value false
gui_set_state_value -category Layout -key stand_wave_child_pos_x -value {-2}
gui_set_state_value -category Layout -key stand_wave_child_pos_y -value {-17}
gui_set_state_value -category Layout -key stand_wave_child_size_x -value 1433
gui_set_state_value -category Layout -key stand_wave_child_size_y -value 699
gui_set_state_value -category Layout -key stand_wave_top_pos_x -value 0
gui_set_state_value -category Layout -key stand_wave_top_pos_y -value 22
gui_set_state_value -category Layout -key stand_wave_top_size_x -value 1428
gui_set_state_value -category Layout -key stand_wave_top_size_y -value 839
gui_create_state_key -category FindDialog -key m_pMatchCase -value_type bool -value false
gui_create_state_key -category FindDialog -key m_pMatchWord -value_type bool -value false
gui_create_state_key -category FindDialog -key m_pUseCombo -value_type string -value {}
gui_create_state_key -category FindDialog -key m_pWrapAround -value_type bool -value true
gui_create_state_key -category Widget_History -key TopLevel.2|EkTopVbox|wndWorkspace|qt_workspacechild4|Wave.1|left|filterVBox|controlHBox|unnamed -value_type string -value {input_ *input_addr {}}
gui_create_state_key -category Widget_History -key {dlgSimSetup|m_setupTab|tab pages|BuildTab|m_rebuildBtnGroup|m_customCmdCombo} -value_type string -value {{vcs -sverilog -debug fir.sv} {vcs -sverilog -debug TuringMachine_test.sv TuringMachine.sv library.sv} {vcs -sverilog -debug TuringMachine_test1.sv TuringMachine.sv library.sv} {vcs -sverilog -debug calculator_chip.sv} {vcs -debug calculator_chip.sv}}
gui_create_state_key -category Widget_History -key {dlgSimSetup|m_setupTab|tab pages|SimTab|m_VPDCombo} -value_type string -value inter.vpd
gui_create_state_key -category Widget_History -key {dlgSimSetup|m_setupTab|tab pages|SimTab|m_argsCombo} -value_type string -value {{-ucligui }}
gui_create_state_key -category Widget_History -key {dlgSimSetup|m_setupTab|tab pages|SimTab|m_curDirCombo} -value_type string -value {/afs/andrew.cmu.edu/usr1/zhiyingm/private/18240/projects/fpga-dsp /afs/andrew.cmu.edu/usr1/zhiyingm/private/18224/tiny-tapeout/TuringMachine /afs/andrew.cmu.edu/usr1/zhiyingm/private/18224/TapeOut /afs/andrew.cmu.edu/usr1/zhiyingm/private/18224/hw1 /afs/andrew.cmu.edu/usr1/zhiyingm/private/18240/lab5/task5}
gui_create_state_key -category Widget_History -key {dlgSimSetup|m_setupTab|tab pages|SimTab|m_exeCombo} -value_type string -value {/afs/andrew.cmu.edu/usr1/zhiyingm/private/18240/projects/fpga-dsp/simv ./simv /afs/andrew.cmu.edu/usr1/zhiyingm/private/18224/tiny-tapeout/TuringMachine/simv /afs/andrew.cmu.edu/usr1/zhiyingm/private/18224/TapeOut/simv /afs/andrew.cmu.edu/usr1/zhiyingm/private/18224/hw1/simv}
gui_state_default_create -off

# Begin command logging
gui_sim_run Ucli -exe ./simv -args {-ucligui  } -dir .
gui_list_expand -id  Hier.1   fir_test
gui_list_select -id Hier.1 -current_item_name fir_test.dut -current_item_type Scope  -selected  { fir_test.dut   }
gui_list_select -id Data.1 -selected  { fir_test.dut.reset   }
gui_list_select_all -id Data.1
gui_open_window Wave
gui_list_add -id Wave.1 -from Data.1 { fir_test.dut.clock fir_test.dut.reset {fir_test.dut.xin[15:0]} {fir_test.dut.y[15:0]} {fir_test.dut.taps[9:0][15:0]} {fir_test.dut.y_comb[15:0]} {fir_test.dut.i[15:0]} {fir_test.dut.j[15:0]} {fir_test.dut.x[9:0][15:0]} {fir_test.dut.n[31:0]} {fir_test.dut.w[31:0]} } -insertionbar
gui_sim_continue  
gui_marker_move -id  Wave.1 C1 0
gui_zoom -window Wave.1 -factor 2
gui_zoom -window Wave.1 -factor 2
gui_zoom -window Wave.1 -factor 2
gui_marker_move -id  Wave.1 C1 11
gui_zoom -window Wave.1 -factor 2
gui_zoom -window Wave.1 -factor 2
gui_zoom -window Wave.1 -factor 2
gui_zoom -window Wave.1 -factor 2
gui_marker_move -id  Wave.1 C1 10
gui_list_select -id Wave.1 -selected  { {fir_test.dut.x[9:0][15:0]}   }
gui_use_schematics 
gui_sch_show -name {fir_test.dut.x[9:0][15:0]}
gui_set_pref_value -category {schem_pin_hc} -key {textExtFont} -value {Helvetica,10,-1,5,50,0,0,0,0,0}
gui_zoom -window Schematic.1 -rect { {-20261 -4168} {30316 14223} }
gui_zoom -window Schematic.1 -rect { {-20746 -28887} {72593 5054} }
gui_zoom -window Schematic.1 -rect { {-20746 -28887} {72593 5054} }
gui_zoom -window Schematic.1 -rect { {-20746 -28887} {72593 5054} }
gui_schematic_select -id Schematic.1 -type {cell} -parent {fir_test.dut} {fir_test.dut.*p@26}
gui_schematic_select -id Schematic.1 -type {cell} -parent {fir_test.dut} {fir_test.dut.x[0]}
gui_schematic_select -id Schematic.1 -type {cell} -parent {fir_test.dut} {fir_test.dut.*p@14}
gui_marker_move -id  Wave.1 C1 9
gui_wv_zoom_timerange -id  Wave.1 10 11
gui_zoom -window Wave.1 -factor 0.5
gui_zoom -window Wave.1 -factor 0.5
gui_zoom -window Wave.1 -factor 0.5
gui_zoom -window Wave.1 -factor 0.5
gui_list_select -id Wave.1 -selected  { {fir_test.dut.j[15:0]}   }
gui_wv_scroll_hslidermove -id  Wave.1 803
gui_wv_zoom_timerange -id  Wave.1 21 40
gui_wv_scrollleft -id  Wave.1  page
gui_list_select -id Wave.1 -selected  { {fir_test.dut.x[9:0][15:0]}   }
gui_close_window -window TopLevel.2
